2025-06-23 18:11:56,012 - INFO - 대량 다운로드 시작: 10566개 의안
2025-06-23 18:11:56,012 - INFO - 배치 1/212 처리 중 (50개 의안)
2025-06-23 18:12:01,822 - ERROR - PDF 다운로드 최종 실패 스토킹범죄의 처벌 등에 관한 법률 일부개정법률안: 잘못된 Content-Type: application/unknown;charset=utf-8
2025-06-23 18:12:01,841 - ERROR - PDF 다운로드 최종 실패 국가재정법 일부개정법률안: 잘못된 Content-Type: application/unknown;charset=utf-8
2025-06-23 18:12:01,910 - ERROR - PDF 다운로드 최종 실패 한국토지주택공사법 일부개정법률안: 잘못된 Content-Type: application/unknown;charset=utf-8
2025-06-23 18:12:01,970 - ERROR - PDF 다운로드 최종 실패 대·중소기업 상생협력 촉진에 관한 법률 일부개정법률안: 잘못된 Content-Type: application/unknown;charset=utf-8
2025-06-23 18:12:01,972 - ERROR - PDF 다운로드 최종 실패 공공기관의 운영에 관한 법률 일부개정법률안: 잘못된 Content-Type: application/unknown;charset=utf-8
2025-06-23 18:12:01,988 - ERROR - PDF 다운로드 최종 실패 경계선지능인 자립지원 및 권리보장에 관한 법률안: 잘못된 Content-Type: application/unknown;charset=utf-8
2025-06-23 18:12:02,017 - ERROR - PDF 다운로드 최종 실패 주택법 일부개정법률안: 잘못된 Content-Type: application/unknown;charset=utf-8
2025-06-23 18:12:02,092 - ERROR - PDF 다운로드 최종 실패 기업의 지속가능경영을 위한 인권·환경 보호에 관한 법률안: 잘못된 Content-Type: application/unknown;charset=utf-8
2025-06-23 18:12:02,103 - ERROR - PDF 다운로드 최종 실패 방송법 일부개정법률안: 잘못된 Content-Type: application/unknown;charset=utf-8
2025-06-23 18:12:02,212 - ERROR - PDF 다운로드 최종 실패 항공보안법 일부개정법률안: 잘못된 Content-Type: application/unknown;charset=utf-8
2025-06-23 18:12:02,319 - ERROR - PDF 다운로드 최종 실패 관광진흥법 일부개정법률안: 잘못된 Content-Type: application/unknown;charset=utf-8
2025-06-23 18:12:02,381 - ERROR - PDF 다운로드 최종 실패 공유수면 관리 및 매립에 관한 법률 일부개정법률안: 잘못된 Content-Type: application/unknown;charset=utf-8
2025-06-23 18:12:02,467 - ERROR - PDF 다운로드 최종 실패 국유재산특례제한법 일부개정법률안: 잘못된 Content-Type: application/unknown;charset=utf-8
2025-06-23 18:12:02,640 - ERROR - PDF 다운로드 최종 실패 지방자치분권 및 지역균형발전에 관한 특별법 일부개정법률안: 잘못된 Content-Type: application/unknown;charset=utf-8
2025-06-23 18:12:02,664 - ERROR - PDF 다운로드 최종 실패 공공기록물 관리에 관한 법률 일부개정법률안: 잘못된 Content-Type: application/unknown;charset=utf-8
2025-06-23 18:12:05,960 - ERROR - PDF 다운로드 최종 실패 대기환경보전법 일부개정법률안: 잘못된 Content-Type: application/unknown;charset=utf-8
2025-06-23 18:12:05,961 - ERROR - PDF 다운로드 최종 실패 동물보호법 일부개정법률안: 잘못된 Content-Type: application/unknown;charset=utf-8
2025-06-23 18:12:06,003 - ERROR - PDF 다운로드 최종 실패 대중문화예술산업발전법 일부개정법률안: 잘못된 Content-Type: application/unknown;charset=utf-8
2025-06-23 18:12:06,075 - ERROR - PDF 다운로드 최종 실패 형사소송법 일부개정법률안: 잘못된 Content-Type: application/unknown;charset=utf-8
2025-06-23 18:12:06,122 - ERROR - PDF 다운로드 최종 실패 공휴일에 관한 법률 일부개정법률안: 잘못된 Content-Type: application/unknown;charset=utf-8
2025-06-23 18:12:06,138 - ERROR - PDF 다운로드 최종 실패 지하안전관리에 관한 특별법 일부개정법률안: 잘못된 Content-Type: application/unknown;charset=utf-8
2025-06-23 18:12:06,144 - ERROR - PDF 다운로드 최종 실패 상속세 및 증여세법 일부개정법률안: 잘못된 Content-Type: application/unknown;charset=utf-8
2025-06-23 18:12:06,218 - ERROR - PDF 다운로드 최종 실패 국경일에 관한 법률 일부개정법률안: 잘못된 Content-Type: application/unknown;charset=utf-8
2025-06-23 18:12:06,219 - ERROR - PDF 다운로드 최종 실패 공직선거법 일부개정법률안: 잘못된 Content-Type: application/unknown;charset=utf-8
2025-06-23 18:12:06,294 - ERROR - PDF 다운로드 최종 실패 의료법 일부개정법률안: 잘못된 Content-Type: application/unknown;charset=utf-8
2025-06-23 18:12:06,438 - ERROR - PDF 다운로드 최종 실패 모자보건법 일부개정법률안: 잘못된 Content-Type: application/unknown;charset=utf-8
2025-06-23 18:12:06,543 - ERROR - PDF 다운로드 최종 실패 국가유공자 등 예우 및 지원에 관한 법률 일부개정법률안: 잘못된 Content-Type: application/unknown;charset=utf-8
2025-06-23 18:12:06,701 - ERROR - PDF 다운로드 최종 실패 인공지능 발전과 신뢰 기반 조성 등에 관한 기본법 일부개정법률안: 잘못된 Content-Type: application/unknown;charset=utf-8
2025-06-23 18:12:06,790 - ERROR - PDF 다운로드 최종 실패 김산업의 육성 및 지원에 관한 법률 일부개정법률안: 잘못된 Content-Type: application/unknown;charset=utf-8
2025-06-23 18:12:06,884 - ERROR - PDF 다운로드 최종 실패 총포·도검·화약류 등의 안전관리에 관한 법률 일부개정법률안: 잘못된 Content-Type: application/unknown;charset=utf-8
2025-06-23 18:13:59,493 - INFO - 대량 다운로드 시작: 10566개 의안
2025-06-23 18:13:59,494 - INFO - 배치 1/212 처리 중 (50개 의안)
2025-06-23 18:14:05,917 - INFO - 배치 2/212 처리 중 (50개 의안)
2025-06-23 18:14:12,166 - INFO - 배치 3/212 처리 중 (50개 의안)
2025-06-23 18:14:18,303 - INFO - 배치 4/212 처리 중 (50개 의안)
2025-06-23 18:14:23,501 - ERROR - PDF 다운로드 최종 실패 양곡관리법 일부개정법률안: 파일이 너무 작습니다 (오류 페이지일 가능성)
2025-06-23 18:14:24,263 - ERROR - PDF 다운로드 최종 실패 헌법재판소법 일부개정법률안: 파일이 너무 작습니다 (오류 페이지일 가능성)
2025-06-23 18:14:24,264 - ERROR - PDF 다운로드 최종 실패 금융위원회의 설치 등에 관한 법률 전부개정법률안: 파일이 너무 작습니다 (오류 페이지일 가능성)
2025-06-23 18:14:24,295 - ERROR - PDF 다운로드 최종 실패 경북·경남·울산 초대형산불 피해구제 및 지원 등을 위한 특별법안: 파일이 너무 작습니다 (오류 페이지일 가능성)
2025-06-23 18:14:26,297 - INFO - 배치 5/212 처리 중 (50개 의안)
2025-06-23 18:14:30,227 - INFO - 진행: 185/10566 (2.4%) 실패: 4, 건너뜀: 60 속도: 6.0/sec, ETA: 1714초
2025-06-23 18:14:32,228 - INFO - 배치 6/212 처리 중 (50개 의안)
2025-06-23 18:14:39,433 - INFO - 배치 7/212 처리 중 (50개 의안)
2025-06-23 18:15:48,592 - INFO - 대량 다운로드 시작: 10566개 의안
2025-06-23 18:15:48,592 - INFO - 배치 1/212 처리 중 (50개 의안)
2025-06-23 18:15:54,908 - INFO - 배치 2/212 처리 중 (50개 의안)
2025-06-23 18:16:01,096 - INFO - 배치 3/212 처리 중 (50개 의안)
2025-06-23 18:16:07,102 - INFO - 배치 4/212 처리 중 (50개 의안)
2025-06-23 18:16:13,022 - INFO - 배치 5/212 처리 중 (50개 의안)
2025-06-23 18:16:16,837 - INFO - 진행: 189/10566 (2.4%) 실패: 0, 건너뜀: 60 속도: 6.7/sec, ETA: 1542초
2025-06-23 18:16:18,838 - INFO - 배치 6/212 처리 중 (50개 의안)
2025-06-23 18:16:24,691 - INFO - 배치 7/212 처리 중 (50개 의안)
2025-06-23 18:16:30,659 - INFO - 배치 8/212 처리 중 (50개 의안)
2025-06-23 18:16:36,280 - INFO - 배치 9/212 처리 중 (50개 의안)
2025-06-23 18:16:41,973 - INFO - 배치 10/212 처리 중 (50개 의안)
2025-06-23 18:16:46,051 - INFO - 진행: 302/10566 (4.7%) 실패: 0, 건너뜀: 197 속도: 5.3/sec, ETA: 1915초
2025-06-23 18:16:48,053 - INFO - 배치 11/212 처리 중 (50개 의안)
2025-06-23 18:16:53,969 - INFO - 배치 12/212 처리 중 (50개 의안)
2025-06-23 18:16:59,842 - INFO - 배치 13/212 처리 중 (50개 의안)
2025-06-23 18:17:05,732 - INFO - 배치 14/212 처리 중 (50개 의안)
2025-06-23 18:17:11,756 - INFO - 배치 15/212 처리 중 (50개 의안)
2025-06-23 18:17:15,450 - INFO - 진행: 414/10566 (7.1%) 실패: 0, 건너뜀: 335 속도: 4.8/sec, ETA: 2060초
2025-06-23 18:17:17,451 - INFO - 배치 16/212 처리 중 (50개 의안)
2025-06-23 18:17:23,463 - INFO - 배치 17/212 처리 중 (50개 의안)
2025-06-23 18:17:29,340 - INFO - 배치 18/212 처리 중 (50개 의안)
2025-06-23 18:17:35,041 - INFO - 배치 19/212 처리 중 (50개 의안)
2025-06-23 18:17:40,971 - INFO - 배치 20/212 처리 중 (50개 의안)
2025-06-23 18:17:44,686 - INFO - 진행: 513/10566 (9.5%) 실패: 0, 건너뜀: 486 속도: 4.4/sec, ETA: 2165초
2025-06-23 18:17:46,687 - INFO - 배치 21/212 처리 중 (50개 의안)
2025-06-23 18:17:52,390 - INFO - 배치 22/212 처리 중 (50개 의안)
2025-06-23 18:17:57,998 - INFO - 배치 23/212 처리 중 (50개 의안)
2025-06-23 18:18:03,611 - INFO - 배치 24/212 처리 중 (50개 의안)
2025-06-23 18:18:09,240 - INFO - 배치 25/212 처리 중 (50개 의안)
2025-06-23 18:18:13,271 - INFO - 진행: 588/10566 (11.8%) 실패: 0, 건너뜀: 661 속도: 4.1/sec, ETA: 2292초
2025-06-23 18:18:15,273 - INFO - 배치 26/212 처리 중 (50개 의안)
2025-06-23 18:18:20,843 - INFO - 배치 27/212 처리 중 (50개 의안)
2025-06-23 18:18:26,897 - INFO - 배치 28/212 처리 중 (50개 의안)
2025-06-23 18:18:33,018 - INFO - 배치 29/212 처리 중 (50개 의안)
2025-06-23 18:18:38,785 - INFO - 배치 30/212 처리 중 (50개 의안)
2025-06-23 18:18:42,504 - INFO - 진행: 643/10566 (14.2%) 실패: 0, 건너뜀: 855 속도: 3.7/sec, ETA: 2453초
2025-06-23 18:18:44,506 - INFO - 배치 31/212 처리 중 (50개 의안)
2025-06-23 18:18:50,172 - INFO - 배치 32/212 처리 중 (50개 의안)
2025-06-23 18:18:55,850 - INFO - 배치 33/212 처리 중 (50개 의안)
2025-06-23 18:19:01,547 - INFO - 배치 34/212 처리 중 (50개 의안)
2025-06-23 18:19:06,962 - INFO - 배치 35/212 처리 중 (50개 의안)
2025-06-23 18:19:10,614 - INFO - 진행: 708/10566 (16.5%) 실패: 0, 건너뜀: 1040 속도: 3.5/sec, ETA: 2516초
2025-06-23 18:19:12,615 - INFO - 배치 36/212 처리 중 (50개 의안)
2025-06-23 18:19:18,058 - INFO - 배치 37/212 처리 중 (50개 의안)
2025-06-23 18:19:23,792 - INFO - 배치 38/212 처리 중 (50개 의안)
2025-06-23 18:19:29,550 - INFO - 배치 39/212 처리 중 (50개 의안)
2025-06-23 18:19:35,213 - INFO - 배치 40/212 처리 중 (50개 의안)
2025-06-23 18:19:38,897 - INFO - 진행: 767/10566 (18.9%) 실패: 0, 건너뜀: 1231 속도: 3.3/sec, ETA: 2573초
2025-06-23 18:19:40,898 - INFO - 배치 41/212 처리 중 (50개 의안)
2025-06-23 18:19:46,565 - INFO - 배치 42/212 처리 중 (50개 의안)
2025-06-23 18:19:52,311 - INFO - 배치 43/212 처리 중 (50개 의안)
2025-06-23 18:19:57,980 - INFO - 배치 44/212 처리 중 (50개 의안)
2025-06-23 18:20:03,664 - INFO - 배치 45/212 처리 중 (50개 의안)
2025-06-23 18:20:07,412 - INFO - 진행: 830/10566 (21.3%) 실패: 0, 건너뜀: 1417 속도: 3.2/sec, ETA: 2594초
2025-06-23 18:20:09,414 - INFO - 배치 46/212 처리 중 (50개 의안)
2025-06-23 18:20:15,143 - INFO - 배치 47/212 처리 중 (50개 의안)
2025-06-23 18:20:20,573 - INFO - 배치 48/212 처리 중 (50개 의안)
2025-06-23 18:20:26,073 - INFO - 배치 49/212 처리 중 (50개 의안)
2025-06-23 18:20:31,510 - INFO - 배치 50/212 처리 중 (50개 의안)
2025-06-23 18:20:35,141 - INFO - 진행: 864/10566 (23.6%) 실패: 0, 건너뜀: 1633 속도: 3.0/sec, ETA: 2676초
2025-06-23 18:20:37,142 - INFO - 배치 51/212 처리 중 (50개 의안)
2025-06-23 18:20:42,583 - INFO - 배치 52/212 처리 중 (50개 의안)
2025-06-23 18:20:48,006 - INFO - 배치 53/212 처리 중 (50개 의안)
2025-06-23 18:20:53,946 - INFO - 배치 54/212 처리 중 (50개 의안)
2025-06-23 18:20:59,698 - INFO - 배치 55/212 처리 중 (50개 의안)
2025-06-23 18:21:03,434 - INFO - 진행: 924/10566 (26.0%) 실패: 0, 건너뜀: 1823 속도: 2.9/sec, ETA: 2664초
2025-06-23 18:21:05,436 - INFO - 배치 56/212 처리 중 (50개 의안)
2025-06-23 18:21:11,152 - INFO - 배치 57/212 처리 중 (50개 의안)
2025-06-23 18:21:16,596 - INFO - 배치 58/212 처리 중 (50개 의안)
2025-06-23 18:21:22,151 - INFO - 배치 59/212 처리 중 (50개 의안)
2025-06-23 18:21:27,663 - INFO - 배치 60/212 처리 중 (50개 의안)
2025-06-23 18:21:31,525 - INFO - 진행: 957/10566 (28.4%) 실패: 0, 건너뜀: 2040 속도: 2.8/sec, ETA: 2712초
2025-06-23 18:21:33,527 - INFO - 배치 61/212 처리 중 (50개 의안)
2025-06-23 18:21:40,436 - INFO - 배치 62/212 처리 중 (50개 의안)
2025-06-23 18:21:46,227 - INFO - 배치 63/212 처리 중 (50개 의안)
2025-06-23 18:21:51,916 - INFO - 배치 64/212 처리 중 (50개 의안)
2025-06-23 18:21:57,610 - INFO - 배치 65/212 처리 중 (50개 의안)
2025-06-23 18:22:01,386 - INFO - 진행: 1001/10566 (30.7%) 실패: 0, 건너뜀: 2246 속도: 2.7/sec, ETA: 2726초
2025-06-23 18:22:03,388 - INFO - 배치 66/212 처리 중 (50개 의안)
2025-06-23 18:22:09,203 - INFO - 배치 67/212 처리 중 (50개 의안)
2025-06-23 18:22:14,662 - INFO - 배치 68/212 처리 중 (50개 의안)
2025-06-23 18:22:20,425 - INFO - 배치 69/212 처리 중 (50개 의안)
2025-06-23 18:22:26,137 - INFO - 배치 70/212 처리 중 (50개 의안)
2025-06-23 18:22:29,917 - INFO - 진행: 1036/10566 (33.1%) 실패: 0, 건너뜀: 2461 속도: 2.6/sec, ETA: 2738초
2025-06-23 18:22:31,918 - INFO - 배치 71/212 처리 중 (50개 의안)
2025-06-23 18:22:37,388 - INFO - 배치 72/212 처리 중 (50개 의안)
2025-06-23 18:22:42,911 - INFO - 배치 73/212 처리 중 (50개 의안)
2025-06-23 18:22:48,558 - INFO - 배치 74/212 처리 중 (50개 의안)
2025-06-23 18:22:54,013 - INFO - 배치 75/212 처리 중 (50개 의안)
2025-06-23 18:22:57,713 - INFO - 진행: 1071/10566 (35.5%) 실패: 0, 건너뜀: 2676 속도: 2.5/sec, ETA: 2732초
2025-06-23 18:22:59,714 - INFO - 배치 76/212 처리 중 (50개 의안)
2025-06-23 18:23:05,394 - INFO - 배치 77/212 처리 중 (50개 의안)
2025-06-23 18:23:10,884 - INFO - 배치 78/212 처리 중 (50개 의안)
2025-06-23 18:23:16,679 - INFO - 배치 79/212 처리 중 (50개 의안)
2025-06-23 18:23:22,163 - INFO - 배치 80/212 처리 중 (50개 의안)
2025-06-23 18:23:25,614 - INFO - 진행: 1110/10566 (37.8%) 실패: 0, 건너뜀: 2884 속도: 2.4/sec, ETA: 2706초
2025-06-23 18:23:27,616 - INFO - 배치 81/212 처리 중 (50개 의안)
2025-06-23 18:23:33,379 - INFO - 배치 82/212 처리 중 (50개 의안)
2025-06-23 18:23:38,842 - INFO - 배치 83/212 처리 중 (50개 의안)
2025-06-23 18:23:44,581 - INFO - 배치 84/212 처리 중 (50개 의안)
2025-06-23 18:23:50,577 - INFO - 배치 85/212 처리 중 (50개 의안)
2025-06-23 18:23:54,012 - INFO - 진행: 1147/10566 (40.2%) 실패: 0, 건너뜀: 3096 속도: 2.4/sec, ETA: 2676초
2025-06-23 18:23:56,014 - INFO - 배치 86/212 처리 중 (50개 의안)
2025-06-23 18:24:01,738 - INFO - 배치 87/212 처리 중 (50개 의안)
2025-06-23 18:24:07,504 - INFO - 배치 88/212 처리 중 (50개 의안)
2025-06-23 18:24:13,248 - INFO - 배치 89/212 처리 중 (50개 의안)
2025-06-23 18:24:18,967 - INFO - 배치 90/212 처리 중 (50개 의안)
2025-06-23 18:24:22,663 - INFO - 진행: 1183/10566 (42.5%) 실패: 0, 건너뜀: 3310 속도: 2.3/sec, ETA: 2639초
2025-06-23 18:28:04,076 - INFO - 대량 다운로드 시작: 10566개 의안
2025-06-23 18:28:04,076 - INFO - 배치 1/212 처리 중 (50개 의안)
2025-06-23 18:28:10,512 - INFO - 배치 2/212 처리 중 (50개 의안)
2025-06-23 18:28:16,745 - INFO - 배치 3/212 처리 중 (50개 의안)
2025-06-23 18:28:23,022 - INFO - 배치 4/212 처리 중 (50개 의안)
2025-06-23 18:28:29,300 - INFO - 배치 5/212 처리 중 (50개 의안)
2025-06-23 18:28:33,525 - INFO - 진행: 249/10566 (2.4%) 실패: 0, 건너뜀: 0 속도: 8.5/sec, ETA: 1220초
2025-06-23 18:28:35,527 - INFO - 배치 6/212 처리 중 (50개 의안)
2025-06-23 18:28:41,780 - INFO - 배치 7/212 처리 중 (50개 의안)
2025-06-23 18:28:48,388 - INFO - 배치 8/212 처리 중 (50개 의안)
2025-06-23 18:28:54,762 - INFO - 배치 9/212 처리 중 (50개 의안)
2025-06-23 18:29:01,023 - INFO - 배치 10/212 처리 중 (50개 의안)
2025-06-23 18:29:05,386 - INFO - 진행: 499/10566 (4.7%) 실패: 0, 건너뜀: 0 속도: 8.1/sec, ETA: 1237초
2025-06-23 18:29:07,388 - INFO - 배치 11/212 처리 중 (50개 의안)
2025-06-23 18:29:14,542 - INFO - 배치 12/212 처리 중 (50개 의안)
2025-06-23 18:29:24,766 - INFO - 배치 13/212 처리 중 (50개 의안)
2025-06-23 18:29:31,073 - INFO - 배치 14/212 처리 중 (50개 의안)
2025-06-23 18:29:37,455 - INFO - 배치 15/212 처리 중 (50개 의안)
2025-06-23 18:29:41,781 - INFO - 진행: 749/10566 (7.1%) 실패: 0, 건너뜀: 0 속도: 7.7/sec, ETA: 1281초
2025-06-23 18:29:43,783 - INFO - 배치 16/212 처리 중 (50개 의안)
2025-06-23 18:29:50,181 - INFO - 배치 17/212 처리 중 (50개 의안)
2025-06-23 18:29:56,571 - INFO - 배치 18/212 처리 중 (50개 의안)
2025-06-23 18:30:02,938 - INFO - 배치 19/212 처리 중 (50개 의안)
2025-06-23 18:30:09,425 - INFO - 배치 20/212 처리 중 (50개 의안)
2025-06-23 18:30:13,737 - INFO - 진행: 999/10566 (9.5%) 실패: 0, 건너뜀: 0 속도: 7.7/sec, ETA: 1242초
2025-06-23 18:30:15,739 - INFO - 배치 21/212 처리 중 (50개 의안)
2025-06-23 18:30:22,047 - INFO - 배치 22/212 처리 중 (50개 의안)
2025-06-23 18:30:28,445 - INFO - 배치 23/212 처리 중 (50개 의안)
2025-06-23 18:30:34,822 - INFO - 배치 24/212 처리 중 (50개 의안)
2025-06-23 18:30:41,135 - INFO - 배치 25/212 처리 중 (50개 의안)
2025-06-23 18:30:45,489 - INFO - 진행: 1249/10566 (11.8%) 실패: 0, 건너뜀: 0 속도: 7.7/sec, ETA: 1204초
2025-06-23 18:30:47,491 - INFO - 배치 26/212 처리 중 (50개 의안)
2025-06-23 18:30:53,914 - INFO - 배치 27/212 처리 중 (50개 의안)
2025-06-23 18:31:00,194 - INFO - 배치 28/212 처리 중 (50개 의안)
2025-06-23 18:31:06,543 - INFO - 배치 29/212 처리 중 (50개 의안)
2025-06-23 18:31:12,863 - INFO - 배치 30/212 처리 중 (50개 의안)
2025-06-23 18:31:17,183 - INFO - 진행: 1498/10566 (14.2%) 실패: 0, 건너뜀: 0 속도: 7.8/sec, ETA: 1169초
2025-06-23 18:31:19,185 - INFO - 배치 31/212 처리 중 (50개 의안)
2025-06-23 18:31:25,489 - INFO - 배치 32/212 처리 중 (50개 의안)
2025-06-23 18:31:31,915 - INFO - 배치 33/212 처리 중 (50개 의안)
2025-06-23 18:31:38,292 - INFO - 배치 34/212 처리 중 (50개 의안)
2025-06-23 18:31:44,719 - INFO - 배치 35/212 처리 중 (50개 의안)
2025-06-23 18:31:49,076 - INFO - 진행: 1748/10566 (16.5%) 실패: 0, 건너뜀: 0 속도: 7.8/sec, ETA: 1135초
2025-06-23 18:31:51,078 - INFO - 배치 36/212 처리 중 (50개 의안)
2025-06-23 18:31:57,504 - INFO - 배치 37/212 처리 중 (50개 의안)
2025-06-23 18:32:03,837 - INFO - 배치 38/212 처리 중 (50개 의안)
2025-06-23 18:32:10,194 - INFO - 배치 39/212 처리 중 (50개 의안)
2025-06-23 18:32:16,552 - INFO - 배치 40/212 처리 중 (50개 의안)
2025-06-23 18:32:20,902 - INFO - 진행: 1998/10566 (18.9%) 실패: 0, 건너뜀: 0 속도: 7.8/sec, ETA: 1101초
2025-06-23 18:32:22,903 - INFO - 배치 41/212 처리 중 (50개 의안)
2025-06-23 18:32:29,240 - INFO - 배치 42/212 처리 중 (50개 의안)
2025-06-23 18:32:35,591 - INFO - 배치 43/212 처리 중 (50개 의안)
2025-06-23 18:32:41,887 - INFO - 배치 44/212 처리 중 (50개 의안)
2025-06-23 18:32:48,219 - INFO - 배치 45/212 처리 중 (50개 의안)
2025-06-23 18:32:52,547 - INFO - 진행: 2247/10566 (21.3%) 실패: 0, 건너뜀: 0 속도: 7.8/sec, ETA: 1068초
2025-06-23 18:32:54,549 - INFO - 배치 46/212 처리 중 (50개 의안)
2025-06-23 18:33:00,826 - INFO - 배치 47/212 처리 중 (50개 의안)
2025-06-23 18:33:07,127 - INFO - 배치 48/212 처리 중 (50개 의안)
2025-06-23 18:33:13,438 - INFO - 배치 49/212 처리 중 (50개 의안)
2025-06-23 18:33:19,717 - INFO - 배치 50/212 처리 중 (50개 의안)
2025-06-23 18:33:24,075 - INFO - 진행: 2497/10566 (23.6%) 실패: 0, 건너뜀: 0 속도: 7.8/sec, ETA: 1034초
2025-06-23 18:33:26,077 - INFO - 배치 51/212 처리 중 (50개 의안)
2025-06-23 18:33:32,598 - INFO - 배치 52/212 처리 중 (50개 의안)
2025-06-23 18:33:38,933 - INFO - 배치 53/212 처리 중 (50개 의안)
2025-06-23 18:33:45,556 - INFO - 배치 54/212 처리 중 (50개 의안)
2025-06-23 18:33:52,106 - INFO - 배치 55/212 처리 중 (50개 의안)
2025-06-23 18:33:56,493 - INFO - 진행: 2747/10566 (26.0%) 실패: 0, 건너뜀: 0 속도: 7.8/sec, ETA: 1003초
2025-06-23 18:33:58,494 - INFO - 배치 56/212 처리 중 (50개 의안)
2025-06-23 18:34:04,821 - INFO - 배치 57/212 처리 중 (50개 의안)
2025-06-23 18:34:11,564 - INFO - 배치 58/212 처리 중 (50개 의안)
2025-06-23 18:34:17,884 - INFO - 배치 59/212 처리 중 (50개 의안)
2025-06-23 18:34:24,294 - INFO - 배치 60/212 처리 중 (50개 의안)
2025-06-23 18:34:28,789 - INFO - 진행: 2997/10566 (28.4%) 실패: 0, 건너뜀: 0 속도: 7.8/sec, ETA: 972초
2025-06-23 18:34:30,790 - INFO - 배치 61/212 처리 중 (50개 의안)
2025-06-23 18:34:37,142 - INFO - 배치 62/212 처리 중 (50개 의안)
2025-06-23 18:34:43,434 - INFO - 배치 63/212 처리 중 (50개 의안)
2025-06-23 18:34:49,723 - INFO - 배치 64/212 처리 중 (50개 의안)
2025-06-23 18:34:56,441 - INFO - 배치 65/212 처리 중 (50개 의안)
2025-06-23 18:35:00,930 - INFO - 진행: 3247/10566 (30.7%) 실패: 0, 건너뜀: 0 속도: 7.8/sec, ETA: 940초
2025-06-23 18:35:02,932 - INFO - 배치 66/212 처리 중 (50개 의안)
2025-06-23 18:35:09,375 - INFO - 배치 67/212 처리 중 (50개 의안)
2025-06-23 18:35:15,902 - INFO - 배치 68/212 처리 중 (50개 의안)
2025-06-23 18:35:22,330 - INFO - 배치 69/212 처리 중 (50개 의안)
2025-06-23 18:35:28,695 - INFO - 배치 70/212 처리 중 (50개 의안)
2025-06-23 18:35:33,040 - INFO - 진행: 3497/10566 (33.1%) 실패: 0, 건너뜀: 0 속도: 7.8/sec, ETA: 908초
2025-06-23 18:35:35,042 - INFO - 배치 71/212 처리 중 (50개 의안)
2025-06-23 18:35:41,402 - INFO - 배치 72/212 처리 중 (50개 의안)
2025-06-23 18:35:48,048 - INFO - 배치 73/212 처리 중 (50개 의안)
2025-06-23 18:35:55,057 - INFO - 배치 74/212 처리 중 (50개 의안)
2025-06-23 18:36:02,170 - INFO - 배치 75/212 처리 중 (50개 의안)
2025-06-23 18:36:07,102 - INFO - 진행: 3747/10566 (35.5%) 실패: 0, 건너뜀: 0 속도: 7.8/sec, ETA: 879초
2025-06-23 18:36:09,105 - INFO - 배치 76/212 처리 중 (50개 의안)
2025-06-23 18:36:16,207 - INFO - 배치 77/212 처리 중 (50개 의안)
2025-06-23 18:36:23,686 - INFO - 배치 78/212 처리 중 (50개 의안)
2025-06-23 18:36:31,234 - INFO - 배치 79/212 처리 중 (50개 의안)
2025-06-23 18:36:39,056 - INFO - 배치 80/212 처리 중 (50개 의안)
2025-06-23 18:36:43,565 - INFO - 진행: 3994/10566 (37.8%) 실패: 0, 건너뜀: 0 속도: 7.7/sec, ETA: 855초
2025-06-23 18:36:45,568 - INFO - 배치 81/212 처리 중 (50개 의안)
2025-06-23 18:36:52,548 - INFO - 배치 82/212 처리 중 (50개 의안)
2025-06-23 18:36:59,130 - INFO - 배치 83/212 처리 중 (50개 의안)
2025-06-23 18:37:05,482 - INFO - 배치 84/212 처리 중 (50개 의안)
2025-06-23 18:37:11,943 - INFO - 배치 85/212 처리 중 (50개 의안)
2025-06-23 18:37:16,365 - INFO - 진행: 4243/10566 (40.2%) 실패: 0, 건너뜀: 0 속도: 7.7/sec, ETA: 823초
2025-06-23 18:37:18,368 - INFO - 배치 86/212 처리 중 (50개 의안)
2025-06-23 18:37:24,891 - INFO - 배치 87/212 처리 중 (50개 의안)
2025-06-23 18:37:31,524 - INFO - 배치 88/212 처리 중 (50개 의안)
2025-06-23 18:37:37,847 - INFO - 배치 89/212 처리 중 (50개 의안)
2025-06-23 18:37:44,266 - INFO - 배치 90/212 처리 중 (50개 의안)
2025-06-23 18:37:48,637 - INFO - 진행: 4493/10566 (42.5%) 실패: 0, 건너뜀: 0 속도: 7.7/sec, ETA: 790초
2025-06-23 18:37:50,640 - INFO - 배치 91/212 처리 중 (50개 의안)
2025-06-23 18:37:56,989 - INFO - 배치 92/212 처리 중 (50개 의안)
2025-06-23 18:38:03,296 - INFO - 배치 93/212 처리 중 (50개 의안)
2025-06-23 18:38:09,712 - INFO - 배치 94/212 처리 중 (50개 의안)
2025-06-23 18:38:16,077 - INFO - 배치 95/212 처리 중 (50개 의안)
2025-06-23 18:38:20,594 - INFO - 진행: 4742/10566 (44.9%) 실패: 0, 건너뜀: 0 속도: 7.7/sec, ETA: 757초
2025-06-23 18:38:22,597 - INFO - 배치 96/212 처리 중 (50개 의안)
2025-06-23 18:38:28,949 - INFO - 배치 97/212 처리 중 (50개 의안)
2025-06-23 18:38:35,428 - INFO - 배치 98/212 처리 중 (50개 의안)
2025-06-23 18:38:41,747 - INFO - 배치 99/212 처리 중 (50개 의안)
2025-06-23 18:38:48,216 - INFO - 배치 100/212 처리 중 (50개 의안)
2025-06-23 18:38:52,817 - INFO - 진행: 4991/10566 (47.2%) 실패: 0, 건너뜀: 0 속도: 7.7/sec, ETA: 725초
2025-06-23 18:38:54,819 - INFO - 배치 101/212 처리 중 (50개 의안)
2025-06-23 18:39:01,621 - INFO - 배치 102/212 처리 중 (50개 의안)
2025-06-23 18:39:08,054 - INFO - 배치 103/212 처리 중 (50개 의안)
2025-06-23 18:39:14,404 - INFO - 배치 104/212 처리 중 (50개 의안)
2025-06-23 18:39:20,851 - INFO - 배치 105/212 처리 중 (50개 의안)
2025-06-23 18:39:25,199 - INFO - 진행: 5241/10566 (49.6%) 실패: 0, 건너뜀: 0 속도: 7.7/sec, ETA: 692초
2025-06-23 18:39:27,202 - INFO - 배치 106/212 처리 중 (50개 의안)
2025-06-23 18:39:33,587 - INFO - 배치 107/212 처리 중 (50개 의안)
2025-06-23 18:39:39,955 - INFO - 배치 108/212 처리 중 (50개 의안)
2025-06-23 18:39:46,330 - INFO - 배치 109/212 처리 중 (50개 의안)
2025-06-23 18:39:52,981 - INFO - 배치 110/212 처리 중 (50개 의안)
2025-06-23 18:39:58,088 - INFO - 진행: 5491/10566 (52.0%) 실패: 0, 건너뜀: 0 속도: 7.7/sec, ETA: 660초
2025-06-23 18:40:00,090 - INFO - 배치 111/212 처리 중 (50개 의안)
2025-06-23 18:40:06,781 - INFO - 배치 112/212 처리 중 (50개 의안)
2025-06-23 18:40:13,234 - INFO - 배치 113/212 처리 중 (50개 의안)
2025-06-23 18:40:21,714 - INFO - 배치 114/212 처리 중 (50개 의안)
2025-06-23 18:40:28,809 - INFO - 배치 115/212 처리 중 (50개 의안)
2025-06-23 18:40:33,267 - INFO - 진행: 5741/10566 (54.3%) 실패: 0, 건너뜀: 0 속도: 7.7/sec, ETA: 630초
2025-06-23 18:40:35,270 - INFO - 배치 116/212 처리 중 (50개 의안)
2025-06-23 18:40:41,740 - INFO - 배치 117/212 처리 중 (50개 의안)
2025-06-23 19:03:08,833 - INFO - 배치 118/212 처리 중 (50개 의안)
2025-06-23 19:03:15,401 - INFO - 배치 119/212 처리 중 (50개 의안)
2025-06-23 19:03:22,179 - INFO - 배치 120/212 처리 중 (50개 의안)
2025-06-23 19:03:26,767 - INFO - 진행: 5991/10566 (56.7%) 실패: 0, 건너뜀: 0 속도: 2.8/sec, ETA: 1621초
2025-06-23 19:03:28,768 - INFO - 배치 121/212 처리 중 (50개 의안)
2025-06-23 19:03:37,611 - INFO - 배치 122/212 처리 중 (50개 의안)
2025-06-23 19:03:44,871 - INFO - 배치 123/212 처리 중 (50개 의안)
2025-06-23 19:03:51,318 - INFO - 배치 124/212 처리 중 (50개 의안)
2025-06-23 19:03:57,720 - INFO - 배치 125/212 처리 중 (50개 의안)
2025-06-23 19:04:02,065 - INFO - 진행: 6241/10566 (59.1%) 실패: 0, 건너뜀: 0 속도: 2.9/sec, ETA: 1495초
2025-06-23 19:04:04,067 - INFO - 배치 126/212 처리 중 (50개 의안)
2025-06-23 19:04:10,567 - INFO - 배치 127/212 처리 중 (50개 의안)
2025-06-23 19:04:17,056 - INFO - 배치 128/212 처리 중 (50개 의안)
2025-06-23 19:04:23,447 - INFO - 배치 129/212 처리 중 (50개 의안)
2025-06-23 19:04:29,798 - INFO - 배치 130/212 처리 중 (50개 의안)
2025-06-23 19:04:34,207 - INFO - 진행: 6489/10566 (61.4%) 실패: 0, 건너뜀: 0 속도: 3.0/sec, ETA: 1376초
2025-06-23 19:04:36,209 - INFO - 배치 131/212 처리 중 (50개 의안)
2025-06-23 19:04:42,580 - INFO - 배치 132/212 처리 중 (50개 의안)
2025-06-23 19:04:48,898 - INFO - 배치 133/212 처리 중 (50개 의안)
2025-06-23 19:04:55,457 - INFO - 배치 134/212 처리 중 (50개 의안)
2025-06-23 19:05:01,982 - INFO - 배치 135/212 처리 중 (50개 의안)
2025-06-23 19:05:06,484 - INFO - 진행: 6739/10566 (63.8%) 실패: 0, 건너뜀: 0 속도: 3.0/sec, ETA: 1262초
2025-06-23 19:05:08,485 - INFO - 배치 136/212 처리 중 (50개 의안)
2025-06-23 19:05:14,813 - INFO - 배치 137/212 처리 중 (50개 의안)
2025-06-23 19:05:21,192 - INFO - 배치 138/212 처리 중 (50개 의안)
2025-06-23 19:05:27,608 - INFO - 배치 139/212 처리 중 (50개 의안)
2025-06-23 19:05:34,025 - INFO - 배치 140/212 처리 중 (50개 의안)
2025-06-23 19:05:38,479 - INFO - 진행: 6989/10566 (66.1%) 실패: 0, 건너뜀: 0 속도: 3.1/sec, ETA: 1154초
2025-06-23 19:05:40,481 - INFO - 배치 141/212 처리 중 (50개 의안)
2025-06-23 19:05:47,041 - INFO - 배치 142/212 처리 중 (50개 의안)
2025-06-23 19:05:53,416 - INFO - 배치 143/212 처리 중 (50개 의안)
2025-06-23 19:05:59,878 - INFO - 배치 144/212 처리 중 (50개 의안)
2025-06-23 19:06:06,259 - INFO - 배치 145/212 처리 중 (50개 의안)
2025-06-23 19:06:10,843 - INFO - 진행: 7239/10566 (68.5%) 실패: 0, 건너뜀: 0 속도: 3.2/sec, ETA: 1051초
2025-06-23 19:06:12,844 - INFO - 배치 146/212 처리 중 (50개 의안)
2025-06-23 19:06:19,188 - INFO - 배치 147/212 처리 중 (50개 의안)
2025-06-23 19:06:25,523 - INFO - 배치 148/212 처리 중 (50개 의안)
2025-06-23 19:06:31,800 - INFO - 배치 149/212 처리 중 (50개 의안)
2025-06-23 19:06:38,682 - INFO - 배치 150/212 처리 중 (50개 의안)
2025-06-23 19:06:43,094 - INFO - 진행: 7489/10566 (70.9%) 실패: 0, 건너뜀: 0 속도: 3.2/sec, ETA: 953초
2025-06-23 19:06:45,096 - INFO - 배치 151/212 처리 중 (50개 의안)
2025-06-23 19:06:51,580 - INFO - 배치 152/212 처리 중 (50개 의안)
2025-06-23 19:06:58,017 - INFO - 배치 153/212 처리 중 (50개 의안)
2025-06-23 19:07:04,462 - INFO - 배치 154/212 처리 중 (50개 의안)
2025-06-23 19:07:10,843 - INFO - 배치 155/212 처리 중 (50개 의안)
2025-06-23 19:07:15,258 - INFO - 진행: 7739/10566 (73.2%) 실패: 0, 건너뜀: 0 속도: 3.3/sec, ETA: 859초
2025-06-23 19:07:17,259 - INFO - 배치 156/212 처리 중 (50개 의안)
2025-06-23 19:07:23,821 - INFO - 배치 157/212 처리 중 (50개 의안)
2025-06-23 19:07:30,475 - INFO - 배치 158/212 처리 중 (50개 의안)
2025-06-23 19:07:37,044 - INFO - 배치 159/212 처리 중 (50개 의안)
2025-06-23 19:07:43,437 - INFO - 배치 160/212 처리 중 (50개 의안)
2025-06-23 19:07:47,894 - INFO - 진행: 7988/10566 (75.6%) 실패: 0, 건너뜀: 0 속도: 3.4/sec, ETA: 769초
2025-06-23 19:07:49,895 - INFO - 배치 161/212 처리 중 (50개 의안)
2025-06-23 19:07:56,338 - INFO - 배치 162/212 처리 중 (50개 의안)
2025-06-23 19:08:02,708 - INFO - 배치 163/212 처리 중 (50개 의안)
2025-06-23 19:08:09,113 - INFO - 배치 164/212 처리 중 (50개 의안)
2025-06-23 19:08:15,439 - INFO - 배치 165/212 처리 중 (50개 의안)
2025-06-23 19:08:19,802 - INFO - 진행: 8238/10566 (78.0%) 실패: 0, 건너뜀: 0 속도: 3.4/sec, ETA: 683초
2025-06-23 19:08:21,804 - INFO - 배치 166/212 처리 중 (50개 의안)
2025-06-23 19:08:28,179 - INFO - 배치 167/212 처리 중 (50개 의안)
2025-06-23 19:08:34,603 - INFO - 배치 168/212 처리 중 (50개 의안)
2025-06-23 19:08:41,169 - INFO - 배치 169/212 처리 중 (50개 의안)
2025-06-23 19:08:47,497 - INFO - 배치 170/212 처리 중 (50개 의안)
2025-06-23 19:08:52,024 - INFO - 진행: 8488/10566 (80.3%) 실패: 0, 건너뜀: 0 속도: 3.5/sec, ETA: 599초
2025-06-23 19:08:54,025 - INFO - 배치 171/212 처리 중 (50개 의안)
2025-06-23 19:09:00,386 - INFO - 배치 172/212 처리 중 (50개 의안)
2025-06-23 19:09:06,743 - INFO - 배치 173/212 처리 중 (50개 의안)
2025-06-23 19:09:13,181 - INFO - 배치 174/212 처리 중 (50개 의안)
2025-06-23 19:09:19,552 - INFO - 배치 175/212 처리 중 (50개 의안)
2025-06-23 19:09:23,927 - INFO - 진행: 8738/10566 (82.7%) 실패: 0, 건너뜀: 0 속도: 3.5/sec, ETA: 519초
2025-06-23 19:09:25,929 - INFO - 배치 176/212 처리 중 (50개 의안)
2025-06-23 19:09:32,232 - INFO - 배치 177/212 처리 중 (50개 의안)
2025-06-23 19:09:38,632 - INFO - 배치 178/212 처리 중 (50개 의안)
2025-06-23 19:09:45,004 - INFO - 배치 179/212 처리 중 (50개 의안)
2025-06-23 19:09:51,345 - INFO - 배치 180/212 처리 중 (50개 의안)
2025-06-23 19:09:55,673 - INFO - 진행: 8988/10566 (85.1%) 실패: 0, 건너뜀: 0 속도: 3.6/sec, ETA: 441초
2025-06-23 19:09:57,675 - INFO - 배치 181/212 처리 중 (50개 의안)
2025-06-23 19:10:04,216 - INFO - 배치 182/212 처리 중 (50개 의안)
2025-06-23 19:10:10,781 - INFO - 배치 183/212 처리 중 (50개 의안)
2025-06-23 19:10:17,195 - INFO - 배치 184/212 처리 중 (50개 의안)
2025-06-23 19:10:23,532 - INFO - 배치 185/212 처리 중 (50개 의안)
2025-06-23 19:10:27,963 - INFO - 진행: 9238/10566 (87.4%) 실패: 0, 건너뜀: 0 속도: 3.6/sec, ETA: 366초
2025-06-23 19:10:29,964 - INFO - 배치 186/212 처리 중 (50개 의안)
2025-06-23 19:10:36,306 - INFO - 배치 187/212 처리 중 (50개 의안)
2025-06-23 19:10:42,763 - INFO - 배치 188/212 처리 중 (50개 의안)
2025-06-23 19:10:49,179 - INFO - 배치 189/212 처리 중 (50개 의안)
2025-06-23 19:10:55,545 - INFO - 배치 190/212 처리 중 (50개 의안)
2025-06-23 19:10:59,994 - INFO - 진행: 9488/10566 (89.8%) 실패: 0, 건너뜀: 0 속도: 3.7/sec, ETA: 293초
2025-06-23 19:11:01,996 - INFO - 배치 191/212 처리 중 (50개 의안)
2025-06-23 19:11:08,384 - INFO - 배치 192/212 처리 중 (50개 의안)
2025-06-23 19:11:14,763 - INFO - 배치 193/212 처리 중 (50개 의안)
2025-06-23 19:11:21,146 - INFO - 배치 194/212 처리 중 (50개 의안)
2025-06-23 19:11:27,539 - INFO - 배치 195/212 처리 중 (50개 의안)
2025-06-23 19:11:32,101 - INFO - 진행: 9738/10566 (92.2%) 실패: 0, 건너뜀: 0 속도: 3.7/sec, ETA: 222초
2025-06-23 19:11:34,103 - INFO - 배치 196/212 처리 중 (50개 의안)
2025-06-23 19:11:40,475 - INFO - 배치 197/212 처리 중 (50개 의안)
2025-06-23 19:11:46,830 - INFO - 배치 198/212 처리 중 (50개 의안)
2025-06-23 19:11:53,425 - INFO - 배치 199/212 처리 중 (50개 의안)
2025-06-23 19:11:59,840 - INFO - 배치 200/212 처리 중 (50개 의안)
2025-06-23 19:12:04,235 - INFO - 진행: 9988/10566 (94.5%) 실패: 0, 건너뜀: 0 속도: 3.8/sec, ETA: 153초
2025-06-23 19:12:06,237 - INFO - 배치 201/212 처리 중 (50개 의안)
2025-06-23 19:12:12,863 - INFO - 배치 202/212 처리 중 (50개 의안)
2025-06-23 19:12:19,324 - INFO - 배치 203/212 처리 중 (50개 의안)
2025-06-23 19:12:25,752 - INFO - 배치 204/212 처리 중 (50개 의안)
2025-06-23 19:12:32,241 - INFO - 배치 205/212 처리 중 (50개 의안)
2025-06-23 19:12:36,699 - INFO - 진행: 10238/10566 (96.9%) 실패: 0, 건너뜀: 0 속도: 3.8/sec, ETA: 86초
2025-06-23 19:12:38,700 - INFO - 배치 206/212 처리 중 (50개 의안)
2025-06-23 19:12:45,019 - INFO - 배치 207/212 처리 중 (50개 의안)
2025-06-23 19:12:51,516 - INFO - 배치 208/212 처리 중 (50개 의안)
2025-06-23 19:12:57,960 - INFO - 배치 209/212 처리 중 (50개 의안)
2025-06-23 19:13:04,353 - INFO - 배치 210/212 처리 중 (50개 의안)
2025-06-23 19:13:08,696 - INFO - 진행: 10488/10566 (99.3%) 실패: 0, 건너뜀: 0 속도: 3.9/sec, ETA: 20초
2025-06-23 19:13:10,698 - INFO - 배치 211/212 처리 중 (50개 의안)
2025-06-23 19:13:17,083 - INFO - 배치 212/212 처리 중 (16개 의안)
2025-06-23 19:13:19,310 - INFO - 진행: 10554/10566 (99.9%) 실패: 0, 건너뜀: 0 속도: 3.9/sec, ETA: 3초
2025-06-23 19:13:19,311 - INFO - 전체 다운로드 완료: 10554개 파일
2025-06-23 19:13:19,525 - INFO - 의안 정보 저장 완료: ./mass_bills_pdf/all_bill_infos.json
